<?xml version="1.0" encoding="UTF-8"?>
<!-- Generated by org.testng.reporters.JUnitReportReporter -->
<testsuite hostname="DESKTOP-HA9J99N" failures="0" tests="1" name="com.run.ExcutionClass" time="21.820" errors="0" timestamp="2024-06-23T13:19:46 IST" skipped="0">
  <testcase classname="com.run.ExcutionClass" name="runScenario" time="21.820"/>
  <system-out/>
</testsuite> <!-- com.run.ExcutionClass -->
