<?xml version="1.0" encoding="UTF-8"?>
<!-- Generated by org.testng.reporters.JUnitReportReporter -->
<testsuite hostname="DESKTOP-HA9J99N" failures="0" tests="3" name="com.run.ExcutionClass" time="66.441" errors="0" timestamp="2024-06-28T17:25:10 IST" skipped="0">
  <testcase classname="com.run.ExcutionClass" name="runScenario" time="26.675"/>
  <system-out/>
  <testcase classname="com.run.ExcutionClass" name="runScenario" time="15.165"/>
  <system-out/>
  <testcase classname="com.run.ExcutionClass" name="runScenario" time="24.601"/>
  <system-out/>
</testsuite> <!-- com.run.ExcutionClass -->
