<?xml version="1.0" encoding="UTF-8"?>
<!-- Generated by org.testng.reporters.JUnitReportReporter -->
<testsuite hostname="DESKTOP-HA9J99N" failures="0" tests="1" name="com.run.ExcutionClass" time="19.358" errors="0" timestamp="2024-06-25T12:16:11 IST" skipped="0">
  <testcase classname="com.run.ExcutionClass" name="runScenario" time="19.358"/>
  <system-out/>
</testsuite> <!-- com.run.ExcutionClass -->
